<?xml version="1.0" encoding="UTF-8"?>
<testng-results ignored="0" total="1" passed="1" failed="0" skipped="0">
  <reporter-output>
  </reporter-output>
  <suite started-at="2022-10-17T10:18:15 IST" name="Default suite" finished-at="2022-10-17T10:18:22 IST" duration-ms="6858">
    <groups>
    </groups>
    <test started-at="2022-10-17T10:18:15 IST" name="Default test" finished-at="2022-10-17T10:18:22 IST" duration-ms="6858">
      <class name="com.HealthGrpah.testCases.TC_LoginTest_001">
        <test-method is-config="true" signature="setup()[pri:0, instance:com.HealthGrpah.testCases.TC_LoginTest_001@222545dc]" started-at="2022-10-17T10:18:15 IST" name="setup" finished-at="2022-10-17T10:18:17 IST" duration-ms="2333" status="PASS">
          <reporter-output>
          </reporter-output>
        </test-method> <!-- setup -->
        <test-method signature="loginTest()[pri:0, instance:com.HealthGrpah.testCases.TC_LoginTest_001@222545dc]" started-at="2022-10-17T10:18:17 IST" name="loginTest" finished-at="2022-10-17T10:18:21 IST" duration-ms="3822" status="PASS">
          <reporter-output>
          </reporter-output>
        </test-method> <!-- loginTest -->
        <test-method is-config="true" signature="tearDown()[pri:0, instance:com.HealthGrpah.testCases.TC_LoginTest_001@222545dc]" started-at="2022-10-17T10:18:21 IST" name="tearDown" finished-at="2022-10-17T10:18:22 IST" duration-ms="651" status="PASS">
          <reporter-output>
          </reporter-output>
        </test-method> <!-- tearDown -->
      </class> <!-- com.HealthGrpah.testCases.TC_LoginTest_001 -->
    </test> <!-- Default test -->
  </suite> <!-- Default suite -->
</testng-results>
